Line 541: Class MSDataGridLib.DataGrid of control DataGrid1 was not a loaded control class.
Line 607: Class MSAdodcLib.Adodc of control Adodc1 was not a loaded control class.
Line 542: The property name Bindings in DataGrid1 is invalid.
Line 549: The property name _ExtentX in DataGrid1 is invalid.
Line 550: The property name _ExtentY in DataGrid1 is invalid.
Line 551: The property name _Version in DataGrid1 is invalid.
Line 552: The property name HeadLines in DataGrid1 is invalid.
Line 553: The property name RowHeight in DataGrid1 is invalid.
Line 562: The property name HeadFont in DataGrid1 is invalid.
Line 572: The property name ColumnCount in DataGrid1 is invalid.
Line 585: The property name Column00 in DataGrid1 is invalid.
Line 598: The property name Column01 in DataGrid1 is invalid.
Line 599: The property name SplitCount in DataGrid1 is invalid.
Line 605: The property name Split0 in DataGrid1 is invalid.
Line 613: The property name _ExtentX in Adodc1 is invalid.
Line 614: The property name _ExtentY in Adodc1 is invalid.
Line 615: The property name ConnectMode in Adodc1 is invalid.
Line 616: The property name CursorLocation in Adodc1 is invalid.
Line 617: The property name IsolationLevel in Adodc1 is invalid.
Line 618: The property name ConnectionTimeout in Adodc1 is invalid.
Line 619: The property name CommandTimeout in Adodc1 is invalid.
Line 620: The property name CursorType in Adodc1 is invalid.
Line 621: The property name LockType in Adodc1 is invalid.
Line 622: The property name CommandType in Adodc1 is invalid.
Line 623: The property name CursorOptions in Adodc1 is invalid.
Line 624: The property name CacheSize in Adodc1 is invalid.
Line 625: The property name MaxRecords in Adodc1 is invalid.
Line 626: The property name BOFAction in Adodc1 is invalid.
Line 627: The property name EOFAction in Adodc1 is invalid.
Line 628: The property name ConnectStringType in Adodc1 is invalid.
Line 632: The property name Orientation in Adodc1 is invalid.
Line 634: The property name Connect in Adodc1 is invalid.
Line 635: The property name OLEDBString in Adodc1 is invalid.
Line 636: The property name OLEDBFile in Adodc1 is invalid.
Line 637: The property name DataSourceName in Adodc1 is invalid.
Line 638: The property name OtherAttributes in Adodc1 is invalid.
Line 639: The property name UserName in Adodc1 is invalid.
Line 640: The property name Password in Adodc1 is invalid.
Line 641: The property name RecordSource in Adodc1 is invalid.
Line 642: The property name Caption in Adodc1 is invalid.
Line 652: The property name _Version in Adodc1 is invalid.
